{"meta": {"format": 3, "version": "7.11.0", "timestamp": "2025-11-05T00:57:08.005243", "branch_coverage": false, "show_contexts": false}, "files": {"shadcn_add.py": {"executed_lines": [2, 9, 10, 11, 12, 13, 14, 17, 18, 20, 28, 29, 30, 32, 39, 41, 48, 49, 51, 52, 53, 55, 58, 60, 63, 67, 80, 81, 83, 84, 90, 91, 93, 94, 101, 103, 104, 106, 107, 110, 111, 119, 120, 121, 123, 125, 126, 127, 128, 129, 131, 141, 142, 147, 149, 152, 153, 155, 156, 164, 165, 166, 168, 176, 183, 184, 186, 188, 189, 191, 194, 291], "summary": {"covered_lines": 70, "num_statements": 103, "percent_covered": 67.96116504854369, "percent_covered_display": "68", "missing_lines": 33, "excluded_lines": 0}, "missing_lines": [61, 64, 65, 150, 170, 171, 172, 173, 174, 196, 221, 227, 233, 239, 245, 251, 257, 260, 266, 267, 268, 269, 272, 273, 274, 275, 278, 279, 280, 282, 287, 288, 292], "excluded_lines": [], "functions": {"ShadcnInstaller.__init__": {"executed_lines": [28, 29, 30], "summary": {"covered_lines": 3, "num_statements": 3, "percent_covered": 100.0, "percent_covered_display": "100", "missing_lines": 0, "excluded_lines": 0}, "missing_lines": [], "excluded_lines": []}, "ShadcnInstaller.check_shadcn_config": {"executed_lines": [39], "summary": {"covered_lines": 1, "num_statements": 1, "percent_covered": 100.0, "percent_covered_display": "100", "missing_lines": 0, "excluded_lines": 0}, "missing_lines": [], "excluded_lines": []}, "ShadcnInstaller.get_installed_components": {"executed_lines": [48, 49, 51, 52, 53, 55, 58, 60, 63], "summary": {"covered_lines": 9, "num_statements": 12, "percent_covered": 75.0, "percent_covered_display": "75", "missing_lines": 3, "excluded_lines": 0}, "missing_lines": [61, 64, 65], "excluded_lines": []}, "ShadcnInstaller.add_components": {"executed_lines": [80, 81, 83, 84, 90, 91, 93, 94, 101, 103, 104, 106, 107, 110, 111, 119, 120, 121, 123, 125, 126, 127, 128, 129], "summary": {"covered_lines": 24, "num_statements": 24, "percent_covered": 100.0, "percent_covered_display": "100", "missing_lines": 0, "excluded_lines": 0}, "missing_lines": [], "excluded_lines": []}, "ShadcnInstaller.add_all_components": {"executed_lines": [141, 142, 147, 149, 152, 153, 155, 156, 164, 165, 166, 168], "summary": {"covered_lines": 12, "num_statements": 18, "percent_covered": 66.66666666666667, "percent_covered_display": "67", "missing_lines": 6, "excluded_lines": 0}, "missing_lines": [150, 170, 171, 172, 173, 174], "excluded_lines": []}, "ShadcnInstaller.list_installed": {"executed_lines": [183, 184, 186, 188, 189, 191], "summary": {"covered_lines": 6, "num_statements": 6, "percent_covered": 100.0, "percent_covered_display": "100", "missing_lines": 0, "excluded_lines": 0}, "missing_lines": [], "excluded_lines": []}, "main": {"executed_lines": [], "summary": {"covered_lines": 0, "num_statements": 23, "percent_covered": 0.0, "percent_covered_display": "0", "missing_lines": 23, "excluded_lines": 0}, "missing_lines": [196, 221, 227, 233, 239, 245, 251, 257, 260, 266, 267, 268, 269, 272, 273, 274, 275, 278, 279, 280, 282, 287, 288], "excluded_lines": []}, "": {"executed_lines": [2, 9, 10, 11, 12, 13, 14, 17, 18, 20, 32, 41, 67, 131, 176, 194, 291], "summary": {"covered_lines": 15, "num_statements": 16, "percent_covered": 93.75, "percent_covered_display": "94", "missing_lines": 1, "excluded_lines": 0}, "missing_lines": [292], "excluded_lines": []}}, "classes": {"ShadcnInstaller": {"executed_lines": [28, 29, 30, 39, 48, 49, 51, 52, 53, 55, 58, 60, 63, 80, 81, 83, 84, 90, 91, 93, 94, 101, 103, 104, 106, 107, 110, 111, 119, 120, 121, 123, 125, 126, 127, 128, 129, 141, 142, 147, 149, 152, 153, 155, 156, 164, 165, 166, 168, 183, 184, 186, 188, 189, 191], "summary": {"covered_lines": 55, "num_statements": 64, "percent_covered": 85.9375, "percent_covered_display": "86", "missing_lines": 9, "excluded_lines": 0}, "missing_lines": [61, 64, 65, 150, 170, 171, 172, 173, 174], "excluded_lines": []}, "": {"executed_lines": [2, 9, 10, 11, 12, 13, 14, 17, 18, 20, 32, 41, 67, 131, 176, 194, 291], "summary": {"covered_lines": 15, "num_statements": 39, "percent_covered": 38.46153846153846, "percent_covered_display": "38", "missing_lines": 24, "excluded_lines": 0}, "missing_lines": [196, 221, 227, 233, 239, 245, 251, 257, 260, 266, 267, 268, 269, 272, 273, 274, 275, 278, 279, 280, 282, 287, 288, 292], "excluded_lines": []}}}, "tailwind_config_gen.py": {"executed_lines": [2, 9, 10, 11, 12, 13, 16, 17, 19, 33, 34, 35, 36, 38, 40, 41, 43, 45, 54, 56, 75, 77, 85, 86, 88, 90, 99, 100, 102, 116, 124, 125, 127, 129, 137, 138, 140, 142, 150, 151, 153, 155, 163, 164, 165, 167, 174, 177, 180, 181, 183, 185, 192, 193, 194, 196, 198, 200, 203, 204, 205, 207, 217, 219, 221, 222, 223, 225, 232, 234, 235, 237, 240, 242, 244, 245, 247, 248, 250, 257, 258, 260, 262, 264, 265, 267, 275, 276, 279, 280, 285, 455], "summary": {"covered_lines": 90, "num_statements": 164, "percent_covered": 54.8780487804878, "percent_covered_display": "55", "missing_lines": 74, "excluded_lines": 0}, "missing_lines": [282, 287, 309, 316, 322, 328, 335, 342, 349, 356, 362, 368, 371, 378, 379, 380, 381, 382, 383, 384, 385, 386, 387, 390, 391, 392, 393, 394, 395, 396, 397, 398, 399, 402, 403, 404, 405, 406, 407, 408, 409, 410, 411, 414, 415, 416, 417, 418, 419, 420, 421, 422, 423, 426, 427, 428, 429, 430, 431, 434, 435, 436, 437, 439, 440, 443, 444, 445, 446, 447, 450, 451, 452, 456], "excluded_lines": [], "functions": {"TailwindConfigGenerator.__init__": {"executed_lines": [33, 34, 35, 36], "summary": {"covered_lines": 4, "num_statements": 4, "percent_covered": 100.0, "percent_covered_display": "100", "missing_lines": 0, "excluded_lines": 0}, "missing_lines": [], "excluded_lines": []}, "TailwindConfigGenerator._default_output_path": {"executed_lines": [40, 41], "summary": {"covered_lines": 2, "num_statements": 2, "percent_covered": 100.0, "percent_covered_display": "100", "missing_lines": 0, "excluded_lines": 0}, "missing_lines": [], "excluded_lines": []}, "TailwindConfigGenerator._base_config": {"executed_lines": [45], "summary": {"covered_lines": 1, "num_statements": 1, "percent_covered": 100.0, "percent_covered_display": "100", "missing_lines": 0, "excluded_lines": 0}, "missing_lines": [], "excluded_lines": []}, "TailwindConfigGenerator._default_content_paths": {"executed_lines": [56, 75], "summary": {"covered_lines": 2, "num_statements": 2, "percent_covered": 100.0, "percent_covered_display": "100", "missing_lines": 0, "excluded_lines": 0}, "missing_lines": [], "excluded_lines": []}, "TailwindConfigGenerator.add_colors": {"executed_lines": [85, 86, 88], "summary": {"covered_lines": 3, "num_statements": 3, "percent_covered": 100.0, "percent_covered_display": "100", "missing_lines": 0, "excluded_lines": 0}, "missing_lines": [], "excluded_lines": []}, "TailwindConfigGenerator.add_color_palette": {"executed_lines": [99, 100, 102], "summary": {"covered_lines": 3, "num_statements": 3, "percent_covered": 100.0, "percent_covered_display": "100", "missing_lines": 0, "excluded_lines": 0}, "missing_lines": [], "excluded_lines": []}, "TailwindConfigGenerator.add_fonts": {"executed_lines": [124, 125, 127], "summary": {"covered_lines": 3, "num_statements": 3, "percent_covered": 100.0, "percent_covered_display": "100", "missing_lines": 0, "excluded_lines": 0}, "missing_lines": [], "excluded_lines": []}, "TailwindConfigGenerator.add_spacing": {"executed_lines": [137, 138, 140], "summary": {"covered_lines": 3, "num_statements": 3, "percent_covered": 100.0, "percent_covered_display": "100", "missing_lines": 0, "excluded_lines": 0}, "missing_lines": [], "excluded_lines": []}, "TailwindConfigGenerator.add_breakpoints": {"executed_lines": [150, 151, 153], "summary": {"covered_lines": 3, "num_statements": 3, "percent_covered": 100.0, "percent_covered_display": "100", "missing_lines": 0, "excluded_lines": 0}, "missing_lines": [], "excluded_lines": []}, "TailwindConfigGenerator.add_plugins": {"executed_lines": [163, 164, 165], "summary": {"covered_lines": 3, "num_statements": 3, "percent_covered": 100.0, "percent_covered_display": "100", "missing_lines": 0, "excluded_lines": 0}, "missing_lines": [], "excluded_lines": []}, "TailwindConfigGenerator.recommend_plugins": {"executed_lines": [174, 177, 180, 181, 183], "summary": {"covered_lines": 5, "num_statements": 5, "percent_covered": 100.0, "percent_covered_display": "100", "missing_lines": 0, "excluded_lines": 0}, "missing_lines": [], "excluded_lines": []}, "TailwindConfigGenerator.generate_config_string": {"executed_lines": [192, 193, 194], "summary": {"covered_lines": 3, "num_statements": 3, "percent_covered": 100.0, "percent_covered_display": "100", "missing_lines": 0, "excluded_lines": 0}, "missing_lines": [], "excluded_lines": []}, "TailwindConfigGenerator._generate_typescript": {"executed_lines": [198, 200, 203, 204, 205, 207], "summary": {"covered_lines": 6, "num_statements": 6, "percent_covered": 100.0, "percent_covered_display": "100", "missing_lines": 0, "excluded_lines": 0}, "missing_lines": [], "excluded_lines": []}, "TailwindConfigGenerator._generate_javascript": {"executed_lines": [219, 221, 222, 223, 225], "summary": {"covered_lines": 5, "num_statements": 5, "percent_covered": 100.0, "percent_covered_display": "100", "missing_lines": 0, "excluded_lines": 0}, "missing_lines": [], "excluded_lines": []}, "TailwindConfigGenerator._format_plugins": {"executed_lines": [234, 235, 237, 240], "summary": {"covered_lines": 4, "num_statements": 4, "percent_covered": 100.0, "percent_covered_display": "100", "missing_lines": 0, "excluded_lines": 0}, "missing_lines": [], "excluded_lines": []}, "TailwindConfigGenerator._indent_json": {"executed_lines": [244, 245, 247, 248], "summary": {"covered_lines": 4, "num_statements": 4, "percent_covered": 100.0, "percent_covered_display": "100", "missing_lines": 0, "excluded_lines": 0}, "missing_lines": [], "excluded_lines": []}, "TailwindConfigGenerator.write_config": {"executed_lines": [257, 258, 260, 262, 264, 265], "summary": {"covered_lines": 6, "num_statements": 6, "percent_covered": 100.0, "percent_covered_display": "100", "missing_lines": 0, "excluded_lines": 0}, "missing_lines": [], "excluded_lines": []}, "TailwindConfigGenerator.validate_config": {"executed_lines": [275, 276, 279, 280], "summary": {"covered_lines": 4, "num_statements": 5, "percent_covered": 80.0, "percent_covered_display": "80", "missing_lines": 1, "excluded_lines": 0}, "missing_lines": [282], "excluded_lines": []}, "main": {"executed_lines": [], "summary": {"covered_lines": 0, "num_statements": 72, "percent_covered": 0.0, "percent_covered_display": "0", "missing_lines": 72, "excluded_lines": 0}, "missing_lines": [287, 309, 316, 322, 328, 335, 342, 349, 356, 362, 368, 371, 378, 379, 380, 381, 382, 383, 384, 385, 386, 387, 390, 391, 392, 393, 394, 395, 396, 397, 398, 399, 402, 403, 404, 405, 406, 407, 408, 409, 410, 411, 414, 415, 416, 417, 418, 419, 420, 421, 422, 423, 426, 427, 428, 429, 430, 431, 434, 435, 436, 437, 439, 440, 443, 444, 445, 446, 447, 450, 451, 452], "excluded_lines": []}, "": {"executed_lines": [2, 9, 10, 11, 12, 13, 16, 17, 19, 38, 43, 54, 77, 90, 116, 129, 142, 155, 167, 185, 196, 217, 232, 242, 250, 267, 285, 455], "summary": {"covered_lines": 26, "num_statements": 27, "percent_covered": 96.29629629629629, "percent_covered_display": "96", "missing_lines": 1, "excluded_lines": 0}, "missing_lines": [456], "excluded_lines": []}}, "classes": {"TailwindConfigGenerator": {"executed_lines": [33, 34, 35, 36, 40, 41, 45, 56, 75, 85, 86, 88, 99, 100, 102, 124, 125, 127, 137, 138, 140, 150, 151, 153, 163, 164, 165, 174, 177, 180, 181, 183, 192, 193, 194, 198, 200, 203, 204, 205, 207, 219, 221, 222, 223, 225, 234, 235, 237, 240, 244, 245, 247, 248, 257, 258, 260, 262, 264, 265, 275, 276, 279, 280], "summary": {"covered_lines": 64, "num_statements": 65, "percent_covered": 98.46153846153847, "percent_covered_display": "98", "missing_lines": 1, "excluded_lines": 0}, "missing_lines": [282], "excluded_lines": []}, "": {"executed_lines": [2, 9, 10, 11, 12, 13, 16, 17, 19, 38, 43, 54, 77, 90, 116, 129, 142, 155, 167, 185, 196, 217, 232, 242, 250, 267, 285, 455], "summary": {"covered_lines": 26, "num_statements": 99, "percent_covered": 26.262626262626263, "percent_covered_display": "26", "missing_lines": 73, "excluded_lines": 0}, "missing_lines": [287, 309, 316, 322, 328, 335, 342, 349, 356, 362, 368, 371, 378, 379, 380, 381, 382, 383, 384, 385, 386, 387, 390, 391, 392, 393, 394, 395, 396, 397, 398, 399, 402, 403, 404, 405, 406, 407, 408, 409, 410, 411, 414, 415, 416, 417, 418, 419, 420, 421, 422, 423, 426, 427, 428, 429, 430, 431, 434, 435, 436, 437, 439, 440, 443, 444, 445, 446, 447, 450, 451, 452, 456], "excluded_lines": []}}}, "tests/test_shadcn_add.py": {"executed_lines": [1, 3, 4, 5, 6, 8, 11, 12, 14, 17, 18, 20, 21, 23, 24, 27, 28, 39, 40, 42, 44, 46, 47, 48, 50, 52, 53, 55, 57, 58, 60, 62, 63, 65, 67, 68, 70, 72, 73, 74, 76, 78, 81, 82, 84, 85, 87, 89, 91, 92, 93, 95, 97, 98, 100, 101, 103, 105, 106, 108, 109, 111, 113, 114, 116, 117, 119, 120, 121, 123, 125, 126, 128, 130, 131, 136, 138, 139, 140, 143, 144, 146, 148, 149, 151, 152, 153, 154, 156, 157, 159, 165, 166, 168, 169, 170, 171, 174, 175, 176, 177, 178, 180, 181, 183, 187, 188, 190, 191, 193, 194, 196, 198, 199, 201, 202, 204, 206, 207, 209, 210, 212, 214, 215, 217, 218, 219, 221, 222, 224, 229, 230, 232, 233, 236, 237, 239, 241, 242, 244, 245, 247, 249, 250, 252, 253, 255, 257, 258, 259, 261, 262, 264, 265, 266], "summary": {"covered_lines": 153, "num_statements": 153, "percent_covered": 100.0, "percent_covered_display": "100", "missing_lines": 0, "excluded_lines": 0}, "missing_lines": [], "excluded_lines": [], "functions": {"TestShadcnInstaller.temp_project": {"executed_lines": [23, 24, 27, 28, 39, 40, 42], "summary": {"covered_lines": 7, "num_statements": 7, "percent_covered": 100.0, "percent_covered_display": "100", "missing_lines": 0, "excluded_lines": 0}, "missing_lines": [], "excluded_lines": []}, "TestShadcnInstaller.test_init_default_project_root": {"executed_lines": [46, 47, 48], "summary": {"covered_lines": 3, "num_statements": 3, "percent_covered": 100.0, "percent_covered_display": "100", "missing_lines": 0, "excluded_lines": 0}, "missing_lines": [], "excluded_lines": []}, "TestShadcnInstaller.test_init_custom_project_root": {"executed_lines": [52, 53], "summary": {"covered_lines": 2, "num_statements": 2, "percent_covered": 100.0, "percent_covered_display": "100", "missing_lines": 0, "excluded_lines": 0}, "missing_lines": [], "excluded_lines": []}, "TestShadcnInstaller.test_init_dry_run": {"executed_lines": [57, 58], "summary": {"covered_lines": 2, "num_statements": 2, "percent_covered": 100.0, "percent_covered_display": "100", "missing_lines": 0, "excluded_lines": 0}, "missing_lines": [], "excluded_lines": []}, "TestShadcnInstaller.test_check_shadcn_config_exists": {"executed_lines": [62, 63], "summary": {"covered_lines": 2, "num_statements": 2, "percent_covered": 100.0, "percent_covered_display": "100", "missing_lines": 0, "excluded_lines": 0}, "missing_lines": [], "excluded_lines": []}, "TestShadcnInstaller.test_check_shadcn_config_not_exists": {"executed_lines": [67, 68], "summary": {"covered_lines": 2, "num_statements": 2, "percent_covered": 100.0, "percent_covered_display": "100", "missing_lines": 0, "excluded_lines": 0}, "missing_lines": [], "excluded_lines": []}, "TestShadcnInstaller.test_get_installed_components_empty": {"executed_lines": [72, 73, 74], "summary": {"covered_lines": 3, "num_statements": 3, "percent_covered": 100.0, "percent_covered_display": "100", "missing_lines": 0, "excluded_lines": 0}, "missing_lines": [], "excluded_lines": []}, "TestShadcnInstaller.test_get_installed_components_with_files": {"executed_lines": [78, 81, 82, 84, 85, 87], "summary": {"covered_lines": 6, "num_statements": 6, "percent_covered": 100.0, "percent_covered_display": "100", "missing_lines": 0, "excluded_lines": 0}, "missing_lines": [], "excluded_lines": []}, "TestShadcnInstaller.test_get_installed_components_no_config": {"executed_lines": [91, 92, 93], "summary": {"covered_lines": 3, "num_statements": 3, "percent_covered": 100.0, "percent_covered_display": "100", "missing_lines": 0, "excluded_lines": 0}, "missing_lines": [], "excluded_lines": []}, "TestShadcnInstaller.test_add_components_no_components": {"executed_lines": [97, 98, 100, 101], "summary": {"covered_lines": 4, "num_statements": 4, "percent_covered": 100.0, "percent_covered_display": "100", "missing_lines": 0, "excluded_lines": 0}, "missing_lines": [], "excluded_lines": []}, "TestShadcnInstaller.test_add_components_no_config": {"executed_lines": [105, 106, 108, 109], "summary": {"covered_lines": 4, "num_statements": 4, "percent_covered": 100.0, "percent_covered_display": "100", "missing_lines": 0, "excluded_lines": 0}, "missing_lines": [], "excluded_lines": []}, "TestShadcnInstaller.test_add_components_already_installed": {"executed_lines": [113, 114, 116, 117, 119, 120, 121], "summary": {"covered_lines": 7, "num_statements": 7, "percent_covered": 100.0, "percent_covered_display": "100", "missing_lines": 0, "excluded_lines": 0}, "missing_lines": [], "excluded_lines": []}, "TestShadcnInstaller.test_add_components_with_overwrite": {"executed_lines": [125, 126, 128, 130, 131, 136, 138, 139, 140, 143, 144], "summary": {"covered_lines": 11, "num_statements": 11, "percent_covered": 100.0, "percent_covered_display": "100", "missing_lines": 0, "excluded_lines": 0}, "missing_lines": [], "excluded_lines": []}, "TestShadcnInstaller.test_add_components_dry_run": {"executed_lines": [148, 149, 151, 152, 153, 154], "summary": {"covered_lines": 6, "num_statements": 6, "percent_covered": 100.0, "percent_covered_display": "100", "missing_lines": 0, "excluded_lines": 0}, "missing_lines": [], "excluded_lines": []}, "TestShadcnInstaller.test_add_components_success": {"executed_lines": [159, 165, 166, 168, 169, 170, 171, 174, 175, 176, 177, 178], "summary": {"covered_lines": 12, "num_statements": 12, "percent_covered": 100.0, "percent_covered_display": "100", "missing_lines": 0, "excluded_lines": 0}, "missing_lines": [], "excluded_lines": []}, "TestShadcnInstaller.test_add_components_subprocess_error": {"executed_lines": [183, 187, 188, 190, 191], "summary": {"covered_lines": 5, "num_statements": 5, "percent_covered": 100.0, "percent_covered_display": "100", "missing_lines": 0, "excluded_lines": 0}, "missing_lines": [], "excluded_lines": []}, "TestShadcnInstaller.test_add_components_npx_not_found": {"executed_lines": [196, 198, 199, 201, 202], "summary": {"covered_lines": 5, "num_statements": 5, "percent_covered": 100.0, "percent_covered_display": "100", "missing_lines": 0, "excluded_lines": 0}, "missing_lines": [], "excluded_lines": []}, "TestShadcnInstaller.test_add_all_components_no_config": {"executed_lines": [206, 207, 209, 210], "summary": {"covered_lines": 4, "num_statements": 4, "percent_covered": 100.0, "percent_covered_display": "100", "missing_lines": 0, "excluded_lines": 0}, "missing_lines": [], "excluded_lines": []}, "TestShadcnInstaller.test_add_all_components_dry_run": {"executed_lines": [214, 215, 217, 218, 219], "summary": {"covered_lines": 5, "num_statements": 5, "percent_covered": 100.0, "percent_covered_display": "100", "missing_lines": 0, "excluded_lines": 0}, "missing_lines": [], "excluded_lines": []}, "TestShadcnInstaller.test_add_all_components_success": {"executed_lines": [224, 229, 230, 232, 233, 236, 237], "summary": {"covered_lines": 7, "num_statements": 7, "percent_covered": 100.0, "percent_covered_display": "100", "missing_lines": 0, "excluded_lines": 0}, "missing_lines": [], "excluded_lines": []}, "TestShadcnInstaller.test_list_installed_no_config": {"executed_lines": [241, 242, 244, 245], "summary": {"covered_lines": 4, "num_statements": 4, "percent_covered": 100.0, "percent_covered_display": "100", "missing_lines": 0, "excluded_lines": 0}, "missing_lines": [], "excluded_lines": []}, "TestShadcnInstaller.test_list_installed_empty": {"executed_lines": [249, 250, 252, 253], "summary": {"covered_lines": 4, "num_statements": 4, "percent_covered": 100.0, "percent_covered_display": "100", "missing_lines": 0, "excluded_lines": 0}, "missing_lines": [], "excluded_lines": []}, "TestShadcnInstaller.test_list_installed_with_components": {"executed_lines": [257, 258, 259, 261, 262, 264, 265, 266], "summary": {"covered_lines": 8, "num_statements": 8, "percent_covered": 100.0, "percent_covered_display": "100", "missing_lines": 0, "excluded_lines": 0}, "missing_lines": [], "excluded_lines": []}, "": {"executed_lines": [1, 3, 4, 5, 6, 8, 11, 12, 14, 17, 18, 20, 21, 44, 50, 55, 60, 65, 70, 76, 89, 95, 103, 111, 123, 146, 156, 157, 180, 181, 193, 194, 204, 212, 221, 222, 239, 247, 255], "summary": {"covered_lines": 37, "num_statements": 37, "percent_covered": 100.0, "percent_covered_display": "100", "missing_lines": 0, "excluded_lines": 0}, "missing_lines": [], "excluded_lines": []}}, "classes": {"TestShadcnInstaller": {"executed_lines": [23, 24, 27, 28, 39, 40, 42, 46, 47, 48, 52, 53, 57, 58, 62, 63, 67, 68, 72, 73, 74, 78, 81, 82, 84, 85, 87, 91, 92, 93, 97, 98, 100, 101, 105, 106, 108, 109, 113, 114, 116, 117, 119, 120, 121, 125, 126, 128, 130, 131, 136, 138, 139, 140, 143, 144, 148, 149, 151, 152, 153, 154, 159, 165, 166, 168, 169, 170, 171, 174, 175, 176, 177, 178, 183, 187, 188, 190, 191, 196, 198, 199, 201, 202, 206, 207, 209, 210, 214, 215, 217, 218, 219, 224, 229, 230, 232, 233, 236, 237, 241, 242, 244, 245, 249, 250, 252, 253, 257, 258, 259, 261, 262, 264, 265, 266], "summary": {"covered_lines": 116, "num_statements": 116, "percent_covered": 100.0, "percent_covered_display": "100", "missing_lines": 0, "excluded_lines": 0}, "missing_lines": [], "excluded_lines": []}, "": {"executed_lines": [1, 3, 4, 5, 6, 8, 11, 12, 14, 17, 18, 20, 21, 44, 50, 55, 60, 65, 70, 76, 89, 95, 103, 111, 123, 146, 156, 157, 180, 181, 193, 194, 204, 212, 221, 222, 239, 247, 255], "summary": {"covered_lines": 37, "num_statements": 37, "percent_covered": 100.0, "percent_covered_display": "100", "missing_lines": 0, "excluded_lines": 0}, "missing_lines": [], "excluded_lines": []}}}, "tests/test_tailwind_config_gen.py": {"executed_lines": [1, 3, 5, 8, 9, 11, 14, 15, 17, 19, 20, 21, 23, 25, 26, 28, 30, 31, 32, 34, 36, 37, 39, 41, 42, 44, 46, 47, 48, 50, 52, 53, 55, 56, 57, 58, 59, 61, 63, 64, 66, 67, 69, 71, 72, 74, 75, 76, 78, 80, 81, 83, 85, 87, 88, 92, 94, 95, 96, 98, 100, 102, 103, 105, 106, 107, 109, 111, 112, 114, 116, 117, 118, 119, 120, 122, 124, 125, 129, 131, 132, 133, 135, 137, 138, 142, 144, 145, 146, 148, 150, 151, 155, 157, 158, 159, 161, 163, 164, 165, 167, 168, 170, 172, 173, 174, 176, 177, 179, 181, 182, 184, 185, 187, 189, 190, 192, 194, 196, 197, 199, 200, 201, 203, 205, 206, 208, 209, 211, 213, 214, 215, 217, 218, 220, 222, 223, 224, 226, 227, 229, 231, 232, 234, 236, 238, 239, 241, 243, 244, 246, 248, 251, 253, 254, 256, 258, 259, 261, 263, 264, 265, 267, 269, 270, 271, 273, 275, 276, 277, 279, 281, 283, 285, 286, 288, 290, 291, 298, 299, 300, 301, 302, 304, 305, 307, 310, 311, 312, 313, 314, 315, 317, 319, 320, 326, 327, 329, 330, 332, 334, 335, 336], "summary": {"covered_lines": 201, "num_statements": 201, "percent_covered": 100.0, "percent_covered_display": "100", "missing_lines": 0, "excluded_lines": 0}, "missing_lines": [], "excluded_lines": [], "functions": {"TestTailwindConfigGenerator.test_init_default_typescript": {"executed_lines": [19, 20, 21], "summary": {"covered_lines": 3, "num_statements": 3, "percent_covered": 100.0, "percent_covered_display": "100", "missing_lines": 0, "excluded_lines": 0}, "missing_lines": [], "excluded_lines": []}, "TestTailwindConfigGenerator.test_init_javascript": {"executed_lines": [25, 26], "summary": {"covered_lines": 2, "num_statements": 2, "percent_covered": 100.0, "percent_covered_display": "100", "missing_lines": 0, "excluded_lines": 0}, "missing_lines": [], "excluded_lines": []}, "TestTailwindConfigGenerator.test_init_framework": {"executed_lines": [30, 31, 32], "summary": {"covered_lines": 3, "num_statements": 3, "percent_covered": 100.0, "percent_covered_display": "100", "missing_lines": 0, "excluded_lines": 0}, "missing_lines": [], "excluded_lines": []}, "TestTailwindConfigGenerator.test_default_output_path_typescript": {"executed_lines": [36, 37], "summary": {"covered_lines": 2, "num_statements": 2, "percent_covered": 100.0, "percent_covered_display": "100", "missing_lines": 0, "excluded_lines": 0}, "missing_lines": [], "excluded_lines": []}, "TestTailwindConfigGenerator.test_default_output_path_javascript": {"executed_lines": [41, 42], "summary": {"covered_lines": 2, "num_statements": 2, "percent_covered": 100.0, "percent_covered_display": "100", "missing_lines": 0, "excluded_lines": 0}, "missing_lines": [], "excluded_lines": []}, "TestTailwindConfigGenerator.test_custom_output_path": {"executed_lines": [46, 47, 48], "summary": {"covered_lines": 3, "num_statements": 3, "percent_covered": 100.0, "percent_covered_display": "100", "missing_lines": 0, "excluded_lines": 0}, "missing_lines": [], "excluded_lines": []}, "TestTailwindConfigGenerator.test_base_config_structure": {"executed_lines": [52, 53, 55, 56, 57, 58, 59], "summary": {"covered_lines": 7, "num_statements": 7, "percent_covered": 100.0, "percent_covered_display": "100", "missing_lines": 0, "excluded_lines": 0}, "missing_lines": [], "excluded_lines": []}, "TestTailwindConfigGenerator.test_default_content_paths_react": {"executed_lines": [63, 64, 66, 67], "summary": {"covered_lines": 4, "num_statements": 4, "percent_covered": 100.0, "percent_covered_display": "100", "missing_lines": 0, "excluded_lines": 0}, "missing_lines": [], "excluded_lines": []}, "TestTailwindConfigGenerator.test_default_content_paths_nextjs": {"executed_lines": [71, 72, 74, 75, 76], "summary": {"covered_lines": 5, "num_statements": 5, "percent_covered": 100.0, "percent_covered_display": "100", "missing_lines": 0, "excluded_lines": 0}, "missing_lines": [], "excluded_lines": []}, "TestTailwindConfigGenerator.test_default_content_paths_vue": {"executed_lines": [80, 81, 83], "summary": {"covered_lines": 3, "num_statements": 3, "percent_covered": 100.0, "percent_covered_display": "100", "missing_lines": 0, "excluded_lines": 0}, "missing_lines": [], "excluded_lines": []}, "TestTailwindConfigGenerator.test_add_colors": {"executed_lines": [87, 88, 92, 94, 95, 96], "summary": {"covered_lines": 6, "num_statements": 6, "percent_covered": 100.0, "percent_covered_display": "100", "missing_lines": 0, "excluded_lines": 0}, "missing_lines": [], "excluded_lines": []}, "TestTailwindConfigGenerator.test_add_colors_multiple_times": {"executed_lines": [100, 102, 103, 105, 106, 107], "summary": {"covered_lines": 6, "num_statements": 6, "percent_covered": 100.0, "percent_covered_display": "100", "missing_lines": 0, "excluded_lines": 0}, "missing_lines": [], "excluded_lines": []}, "TestTailwindConfigGenerator.test_add_color_palette": {"executed_lines": [111, 112, 114, 116, 117, 118, 119, 120], "summary": {"covered_lines": 8, "num_statements": 8, "percent_covered": 100.0, "percent_covered_display": "100", "missing_lines": 0, "excluded_lines": 0}, "missing_lines": [], "excluded_lines": []}, "TestTailwindConfigGenerator.test_add_fonts": {"executed_lines": [124, 125, 129, 131, 132, 133], "summary": {"covered_lines": 6, "num_statements": 6, "percent_covered": 100.0, "percent_covered_display": "100", "missing_lines": 0, "excluded_lines": 0}, "missing_lines": [], "excluded_lines": []}, "TestTailwindConfigGenerator.test_add_spacing": {"executed_lines": [137, 138, 142, 144, 145, 146], "summary": {"covered_lines": 6, "num_statements": 6, "percent_covered": 100.0, "percent_covered_display": "100", "missing_lines": 0, "excluded_lines": 0}, "missing_lines": [], "excluded_lines": []}, "TestTailwindConfigGenerator.test_add_breakpoints": {"executed_lines": [150, 151, 155, 157, 158, 159], "summary": {"covered_lines": 6, "num_statements": 6, "percent_covered": 100.0, "percent_covered_display": "100", "missing_lines": 0, "excluded_lines": 0}, "missing_lines": [], "excluded_lines": []}, "TestTailwindConfigGenerator.test_add_plugins": {"executed_lines": [163, 164, 165, 167, 168], "summary": {"covered_lines": 5, "num_statements": 5, "percent_covered": 100.0, "percent_covered_display": "100", "missing_lines": 0, "excluded_lines": 0}, "missing_lines": [], "excluded_lines": []}, "TestTailwindConfigGenerator.test_add_plugins_no_duplicates": {"executed_lines": [172, 173, 174, 176, 177], "summary": {"covered_lines": 5, "num_statements": 5, "percent_covered": 100.0, "percent_covered_display": "100", "missing_lines": 0, "excluded_lines": 0}, "missing_lines": [], "excluded_lines": []}, "TestTailwindConfigGenerator.test_recommend_plugins": {"executed_lines": [181, 182, 184, 185], "summary": {"covered_lines": 4, "num_statements": 4, "percent_covered": 100.0, "percent_covered_display": "100", "missing_lines": 0, "excluded_lines": 0}, "missing_lines": [], "excluded_lines": []}, "TestTailwindConfigGenerator.test_recommend_plugins_nextjs": {"executed_lines": [189, 190, 192], "summary": {"covered_lines": 3, "num_statements": 3, "percent_covered": 100.0, "percent_covered_display": "100", "missing_lines": 0, "excluded_lines": 0}, "missing_lines": [], "excluded_lines": []}, "TestTailwindConfigGenerator.test_generate_typescript_config": {"executed_lines": [196, 197, 199, 200, 201], "summary": {"covered_lines": 5, "num_statements": 5, "percent_covered": 100.0, "percent_covered_display": "100", "missing_lines": 0, "excluded_lines": 0}, "missing_lines": [], "excluded_lines": []}, "TestTailwindConfigGenerator.test_generate_javascript_config": {"executed_lines": [205, 206, 208, 209], "summary": {"covered_lines": 4, "num_statements": 4, "percent_covered": 100.0, "percent_covered_display": "100", "missing_lines": 0, "excluded_lines": 0}, "missing_lines": [], "excluded_lines": []}, "TestTailwindConfigGenerator.test_generate_config_with_colors": {"executed_lines": [213, 214, 215, 217, 218], "summary": {"covered_lines": 5, "num_statements": 5, "percent_covered": 100.0, "percent_covered_display": "100", "missing_lines": 0, "excluded_lines": 0}, "missing_lines": [], "excluded_lines": []}, "TestTailwindConfigGenerator.test_generate_config_with_plugins": {"executed_lines": [222, 223, 224, 226, 227], "summary": {"covered_lines": 5, "num_statements": 5, "percent_covered": 100.0, "percent_covered_display": "100", "missing_lines": 0, "excluded_lines": 0}, "missing_lines": [], "excluded_lines": []}, "TestTailwindConfigGenerator.test_validate_config_valid": {"executed_lines": [231, 232, 234], "summary": {"covered_lines": 3, "num_statements": 3, "percent_covered": 100.0, "percent_covered_display": "100", "missing_lines": 0, "excluded_lines": 0}, "missing_lines": [], "excluded_lines": []}, "TestTailwindConfigGenerator.test_validate_config_no_content": {"executed_lines": [238, 239, 241, 243, 244], "summary": {"covered_lines": 5, "num_statements": 5, "percent_covered": 100.0, "percent_covered_display": "100", "missing_lines": 0, "excluded_lines": 0}, "missing_lines": [], "excluded_lines": []}, "TestTailwindConfigGenerator.test_validate_config_empty_theme": {"executed_lines": [248, 251, 253, 254], "summary": {"covered_lines": 4, "num_statements": 4, "percent_covered": 100.0, "percent_covered_display": "100", "missing_lines": 0, "excluded_lines": 0}, "missing_lines": [], "excluded_lines": []}, "TestTailwindConfigGenerator.test_write_config": {"executed_lines": [258, 259, 261, 263, 264, 265], "summary": {"covered_lines": 6, "num_statements": 6, "percent_covered": 100.0, "percent_covered_display": "100", "missing_lines": 0, "excluded_lines": 0}, "missing_lines": [], "excluded_lines": []}, "TestTailwindConfigGenerator.test_write_config_creates_content": {"executed_lines": [269, 270, 271, 273, 275, 276, 277], "summary": {"covered_lines": 7, "num_statements": 7, "percent_covered": 100.0, "percent_covered_display": "100", "missing_lines": 0, "excluded_lines": 0}, "missing_lines": [], "excluded_lines": []}, "TestTailwindConfigGenerator.test_write_config_invalid_path": {"executed_lines": [281, 283, 285, 286], "summary": {"covered_lines": 4, "num_statements": 4, "percent_covered": 100.0, "percent_covered_display": "100", "missing_lines": 0, "excluded_lines": 0}, "missing_lines": [], "excluded_lines": []}, "TestTailwindConfigGenerator.test_full_configuration_typescript": {"executed_lines": [290, 291, 298, 299, 300, 301, 302, 304, 305, 307, 310, 311, 312, 313, 314, 315], "summary": {"covered_lines": 16, "num_statements": 16, "percent_covered": 100.0, "percent_covered_display": "100", "missing_lines": 0, "excluded_lines": 0}, "missing_lines": [], "excluded_lines": []}, "TestTailwindConfigGenerator.test_full_configuration_javascript": {"executed_lines": [319, 320, 326, 327, 329, 330, 332, 334, 335, 336], "summary": {"covered_lines": 10, "num_statements": 10, "percent_covered": 100.0, "percent_covered_display": "100", "missing_lines": 0, "excluded_lines": 0}, "missing_lines": [], "excluded_lines": []}, "": {"executed_lines": [1, 3, 5, 8, 9, 11, 14, 15, 17, 23, 28, 34, 39, 44, 50, 61, 69, 78, 85, 98, 109, 122, 135, 148, 161, 170, 179, 187, 194, 203, 211, 220, 229, 236, 246, 256, 267, 279, 288, 317], "summary": {"covered_lines": 38, "num_statements": 38, "percent_covered": 100.0, "percent_covered_display": "100", "missing_lines": 0, "excluded_lines": 0}, "missing_lines": [], "excluded_lines": []}}, "classes": {"TestTailwindConfigGenerator": {"executed_lines": [19, 20, 21, 25, 26, 30, 31, 32, 36, 37, 41, 42, 46, 47, 48, 52, 53, 55, 56, 57, 58, 59, 63, 64, 66, 67, 71, 72, 74, 75, 76, 80, 81, 83, 87, 88, 92, 94, 95, 96, 100, 102, 103, 105, 106, 107, 111, 112, 114, 116, 117, 118, 119, 120, 124, 125, 129, 131, 132, 133, 137, 138, 142, 144, 145, 146, 150, 151, 155, 157, 158, 159, 163, 164, 165, 167, 168, 172, 173, 174, 176, 177, 181, 182, 184, 185, 189, 190, 192, 196, 197, 199, 200, 201, 205, 206, 208, 209, 213, 214, 215, 217, 218, 222, 223, 224, 226, 227, 231, 232, 234, 238, 239, 241, 243, 244, 248, 251, 253, 254, 258, 259, 261, 263, 264, 265, 269, 270, 271, 273, 275, 276, 277, 281, 283, 285, 286, 290, 291, 298, 299, 300, 301, 302, 304, 305, 307, 310, 311, 312, 313, 314, 315, 319, 320, 326, 327, 329, 330, 332, 334, 335, 336], "summary": {"covered_lines": 163, "num_statements": 163, "percent_covered": 100.0, "percent_covered_display": "100", "missing_lines": 0, "excluded_lines": 0}, "missing_lines": [], "excluded_lines": []}, "": {"executed_lines": [1, 3, 5, 8, 9, 11, 14, 15, 17, 23, 28, 34, 39, 44, 50, 61, 69, 78, 85, 98, 109, 122, 135, 148, 161, 170, 179, 187, 194, 203, 211, 220, 229, 236, 246, 256, 267, 279, 288, 317], "summary": {"covered_lines": 38, "num_statements": 38, "percent_covered": 100.0, "percent_covered_display": "100", "missing_lines": 0, "excluded_lines": 0}, "missing_lines": [], "excluded_lines": []}}}}, "totals": {"covered_lines": 514, "num_statements": 621, "percent_covered": 82.76972624798712, "percent_covered_display": "83", "missing_lines": 107, "excluded_lines": 0}}